\BOOKMARK [0][-]{chapter.1}{\376\377\000H\000i\000e\000r\000a\000r\000c\000h\000i\000c\000a\000l\000\040\000I\000n\000d\000e\000x}{}
\BOOKMARK [1][-]{section.1.1}{\376\377\000C\000l\000a\000s\000s\000\040\000H\000i\000e\000r\000a\000r\000c\000h\000y}{chapter.1}
\BOOKMARK [0][-]{chapter.2}{\376\377\000C\000l\000a\000s\000s\000\040\000I\000n\000d\000e\000x}{}
\BOOKMARK [1][-]{section.2.1}{\376\377\000C\000l\000a\000s\000s\000\040\000L\000i\000s\000t}{chapter.2}
\BOOKMARK [0][-]{chapter.3}{\376\377\000C\000l\000a\000s\000s\000\040\000D\000o\000c\000u\000m\000e\000n\000t\000a\000t\000i\000o\000n}{}
\BOOKMARK [1][-]{section.3.1}{\376\377\000A\000R\000P\000H\000e\000a\000d\000e\000r\000\040\000C\000l\000a\000s\000s\000\040\000R\000e\000f\000e\000r\000e\000n\000c\000e}{chapter.3}
\BOOKMARK [1][-]{section.3.2}{\376\377\000A\000R\000P\000T\000a\000b\000l\000e\000\040\000C\000l\000a\000s\000s\000\040\000R\000e\000f\000e\000r\000e\000n\000c\000e}{chapter.3}
\BOOKMARK [1][-]{section.3.3}{\376\377\000B\000a\000c\000k\000u\000p\000M\000a\000n\000a\000g\000e\000r\000\040\000C\000l\000a\000s\000s\000\040\000R\000e\000f\000e\000r\000e\000n\000c\000e}{chapter.3}
\BOOKMARK [2][-]{subsection.3.3.1}{\376\377\000C\000o\000n\000s\000t\000r\000u\000c\000t\000o\000r\000\040\000\046\000\040\000D\000e\000s\000t\000r\000u\000c\000t\000o\000r\000\040\000D\000o\000c\000u\000m\000e\000n\000t\000a\000t\000i\000o\000n}{section.3.3}
\BOOKMARK [3][-]{subsubsection.3.3.1.1}{\376\377\000B\000a\000c\000k\000u\000p\000M\000a\000n\000a\000g\000e\000r}{subsection.3.3.1}
\BOOKMARK [1][-]{section.3.4}{\376\377\000U\000i\000:\000:\000C\000h\000a\000n\000g\000e\000I\000p\000\040\000C\000l\000a\000s\000s\000\040\000R\000e\000f\000e\000r\000e\000n\000c\000e}{chapter.3}
\BOOKMARK [1][-]{section.3.5}{\376\377\000C\000o\000n\000f\000i\000r\000m\000a\000t\000i\000o\000n\000\040\000C\000l\000a\000s\000s\000\040\000R\000e\000f\000e\000r\000e\000n\000c\000e}{chapter.3}
\BOOKMARK [2][-]{subsection.3.5.1}{\376\377\000C\000o\000n\000s\000t\000r\000u\000c\000t\000o\000r\000\040\000\046\000\040\000D\000e\000s\000t\000r\000u\000c\000t\000o\000r\000\040\000D\000o\000c\000u\000m\000e\000n\000t\000a\000t\000i\000o\000n}{section.3.5}
\BOOKMARK [3][-]{subsubsection.3.5.1.1}{\376\377\000C\000o\000n\000f\000i\000r\000m\000a\000t\000i\000o\000n}{subsection.3.5.1}
\BOOKMARK [2][-]{subsection.3.5.2}{\376\377\000M\000e\000m\000b\000e\000r\000\040\000F\000u\000n\000c\000t\000i\000o\000n\000\040\000D\000o\000c\000u\000m\000e\000n\000t\000a\000t\000i\000o\000n}{section.3.5}
\BOOKMARK [3][-]{subsubsection.3.5.2.1}{\376\377\000s\000e\000t\000R\000e\000p\000l\000y\000O\000K}{subsection.3.5.2}
\BOOKMARK [1][-]{section.3.6}{\376\377\000U\000i\000:\000:\000C\000o\000n\000f\000i\000r\000m\000a\000t\000i\000o\000n\000\040\000C\000l\000a\000s\000s\000\040\000R\000e\000f\000e\000r\000e\000n\000c\000e}{chapter.3}
\BOOKMARK [1][-]{section.3.7}{\376\377\000U\000i\000:\000:\000C\000o\000n\000n\000e\000c\000t\000e\000r\000C\000h\000o\000i\000c\000e\000\040\000C\000l\000a\000s\000s\000\040\000R\000e\000f\000e\000r\000e\000n\000c\000e}{chapter.3}
\BOOKMARK [1][-]{section.3.8}{\376\377\000C\000o\000n\000n\000e\000c\000t\000e\000r\000C\000h\000o\000i\000c\000e\000\040\000C\000l\000a\000s\000s\000\040\000R\000e\000f\000e\000r\000e\000n\000c\000e}{chapter.3}
\BOOKMARK [2][-]{subsection.3.8.1}{\376\377\000C\000o\000n\000s\000t\000r\000u\000c\000t\000o\000r\000\040\000\046\000\040\000D\000e\000s\000t\000r\000u\000c\000t\000o\000r\000\040\000D\000o\000c\000u\000m\000e\000n\000t\000a\000t\000i\000o\000n}{section.3.8}
\BOOKMARK [3][-]{subsubsection.3.8.1.1}{\376\377\000C\000o\000n\000n\000e\000c\000t\000e\000r\000C\000h\000o\000i\000c\000e}{subsection.3.8.1}
\BOOKMARK [2][-]{subsection.3.8.2}{\376\377\000M\000e\000m\000b\000e\000r\000\040\000F\000u\000n\000c\000t\000i\000o\000n\000\040\000D\000o\000c\000u\000m\000e\000n\000t\000a\000t\000i\000o\000n}{section.3.8}
\BOOKMARK [3][-]{subsubsection.3.8.2.1}{\376\377\000s\000e\000t\000I\000n\000t\000e\000r\000f\000a\000c\000e}{subsection.3.8.2}
\BOOKMARK [3][-]{subsubsection.3.8.2.2}{\376\377\000s\000e\000t\000P\000o\000r\000t\000S\000e\000l\000e\000c\000t\000e\000d}{subsection.3.8.2}
\BOOKMARK [3][-]{subsubsection.3.8.2.3}{\376\377\000s\000e\000t\000T\000e\000x\000t}{subsection.3.8.2}
\BOOKMARK [1][-]{section.3.9}{\376\377\000D\000a\000t\000a\000B\000a\000s\000e\000M\000a\000n\000a\000g\000e\000r\000\040\000C\000l\000a\000s\000s\000\040\000R\000e\000f\000e\000r\000e\000n\000c\000e}{chapter.3}
\BOOKMARK [2][-]{subsection.3.9.1}{\376\377\000C\000o\000n\000s\000t\000r\000u\000c\000t\000o\000r\000\040\000\046\000\040\000D\000e\000s\000t\000r\000u\000c\000t\000o\000r\000\040\000D\000o\000c\000u\000m\000e\000n\000t\000a\000t\000i\000o\000n}{section.3.9}
\BOOKMARK [3][-]{subsubsection.3.9.1.1}{\376\377\000D\000a\000t\000a\000B\000a\000s\000e\000M\000a\000n\000a\000g\000e\000r}{subsection.3.9.1}
\BOOKMARK [2][-]{subsection.3.9.2}{\376\377\000M\000e\000m\000b\000e\000r\000\040\000F\000u\000n\000c\000t\000i\000o\000n\000\040\000D\000o\000c\000u\000m\000e\000n\000t\000a\000t\000i\000o\000n}{section.3.9}
\BOOKMARK [3][-]{subsubsection.3.9.2.1}{\376\377\000c\000r\000e\000a\000t\000e}{subsection.3.9.2}
\BOOKMARK [3][-]{subsubsection.3.9.2.2}{\376\377\000l\000a\000u\000n\000c\000h\000S\000a\000v\000e}{subsection.3.9.2}
\BOOKMARK [3][-]{subsubsection.3.9.2.3}{\376\377\000l\000o\000a\000d}{subsection.3.9.2}
\BOOKMARK [3][-]{subsubsection.3.9.2.4}{\376\377\000s\000h\000o\000w\000T\000a\000b\000l\000e}{subsection.3.9.2}
\BOOKMARK [1][-]{section.3.10}{\376\377\000D\000a\000t\000a\000L\000i\000n\000k\000H\000e\000a\000d\000e\000r\000\040\000C\000l\000a\000s\000s\000\040\000R\000e\000f\000e\000r\000e\000n\000c\000e}{chapter.3}
\BOOKMARK [1][-]{section.3.11}{\376\377\000D\000e\000v\000i\000c\000e\000\040\000C\000l\000a\000s\000s\000\040\000R\000e\000f\000e\000r\000e\000n\000c\000e}{chapter.3}
\BOOKMARK [1][-]{section.3.12}{\376\377\000D\000e\000v\000i\000c\000e\000F\000a\000c\000t\000o\000r\000y\000\040\000C\000l\000a\000s\000s\000\040\000R\000e\000f\000e\000r\000e\000n\000c\000e}{chapter.3}
\BOOKMARK [1][-]{section.3.13}{\376\377\000D\000e\000v\000i\000c\000e\000N\0004\000\040\000C\000l\000a\000s\000s\000\040\000R\000e\000f\000e\000r\000e\000n\000c\000e}{chapter.3}
\BOOKMARK [1][-]{section.3.14}{\376\377\000F\000r\000a\000m\000e\000\040\000C\000l\000a\000s\000s\000\040\000R\000e\000f\000e\000r\000e\000n\000c\000e}{chapter.3}
\BOOKMARK [1][-]{section.3.15}{\376\377\000G\000a\000m\000e\000\040\000C\000l\000a\000s\000s\000\040\000R\000e\000f\000e\000r\000e\000n\000c\000e}{chapter.3}
\BOOKMARK [2][-]{subsection.3.15.1}{\376\377\000C\000o\000n\000s\000t\000r\000u\000c\000t\000o\000r\000\040\000\046\000\040\000D\000e\000s\000t\000r\000u\000c\000t\000o\000r\000\040\000D\000o\000c\000u\000m\000e\000n\000t\000a\000t\000i\000o\000n}{section.3.15}
\BOOKMARK [3][-]{subsubsection.3.15.1.1}{\376\377\000G\000a\000m\000e}{subsection.3.15.1}
\BOOKMARK [1][-]{section.3.16}{\376\377\000U\000i\000:\000:\000G\000a\000m\000e\000\040\000C\000l\000a\000s\000s\000\040\000R\000e\000f\000e\000r\000e\000n\000c\000e}{chapter.3}
\BOOKMARK [1][-]{section.3.17}{\376\377\000H\000e\000a\000d\000e\000r\000\040\000C\000l\000a\000s\000s\000\040\000R\000e\000f\000e\000r\000e\000n\000c\000e}{chapter.3}
\BOOKMARK [1][-]{section.3.18}{\376\377\000H\000u\000b\000\040\000C\000l\000a\000s\000s\000\040\000R\000e\000f\000e\000r\000e\000n\000c\000e}{chapter.3}
\BOOKMARK [1][-]{section.3.19}{\376\377\000I\000C\000M\000P\000H\000e\000a\000d\000e\000r\000\040\000C\000l\000a\000s\000s\000\040\000R\000e\000f\000e\000r\000e\000n\000c\000e}{chapter.3}
\BOOKMARK [1][-]{section.3.20}{\376\377\000I\000p\000\040\000C\000l\000a\000s\000s\000\040\000R\000e\000f\000e\000r\000e\000n\000c\000e}{chapter.3}
\BOOKMARK [1][-]{section.3.21}{\376\377\000I\000p\000M\000a\000n\000a\000g\000e\000r\000\040\000C\000l\000a\000s\000s\000\040\000R\000e\000f\000e\000r\000e\000n\000c\000e}{chapter.3}
\BOOKMARK [2][-]{subsection.3.21.1}{\376\377\000C\000o\000n\000s\000t\000r\000u\000c\000t\000o\000r\000\040\000\046\000\040\000D\000e\000s\000t\000r\000u\000c\000t\000o\000r\000\040\000D\000o\000c\000u\000m\000e\000n\000t\000a\000t\000i\000o\000n}{section.3.21}
\BOOKMARK [3][-]{subsubsection.3.21.1.1}{\376\377\000I\000p\000M\000a\000n\000a\000g\000e\000r}{subsection.3.21.1}
\BOOKMARK [1][-]{section.3.22}{\376\377\000U\000i\000:\000:\000L\000o\000a\000d\000M\000a\000n\000a\000g\000e\000r\000\040\000C\000l\000a\000s\000s\000\040\000R\000e\000f\000e\000r\000e\000n\000c\000e}{chapter.3}
\BOOKMARK [1][-]{section.3.23}{\376\377\000L\000o\000a\000d\000M\000a\000n\000a\000g\000e\000r\000\040\000C\000l\000a\000s\000s\000\040\000R\000e\000f\000e\000r\000e\000n\000c\000e}{chapter.3}
\BOOKMARK [2][-]{subsection.3.23.1}{\376\377\000C\000o\000n\000s\000t\000r\000u\000c\000t\000o\000r\000\040\000\046\000\040\000D\000e\000s\000t\000r\000u\000c\000t\000o\000r\000\040\000D\000o\000c\000u\000m\000e\000n\000t\000a\000t\000i\000o\000n}{section.3.23}
\BOOKMARK [3][-]{subsubsection.3.23.1.1}{\376\377\000L\000o\000a\000d\000M\000a\000n\000a\000g\000e\000r}{subsection.3.23.1}
\BOOKMARK [2][-]{subsection.3.23.2}{\376\377\000M\000e\000m\000b\000e\000r\000\040\000F\000u\000n\000c\000t\000i\000o\000n\000\040\000D\000o\000c\000u\000m\000e\000n\000t\000a\000t\000i\000o\000n}{section.3.23}
\BOOKMARK [3][-]{subsubsection.3.23.2.1}{\376\377\000g\000e\000t\000R\000e\000s\000u\000l\000t\000L\000i\000n\000e\000S\000t\000r\000i\000n\000g}{subsection.3.23.2}
\BOOKMARK [3][-]{subsubsection.3.23.2.2}{\376\377\000s\000e\000t\000R\000e\000s\000u\000l\000t\000L\000i\000n\000e\000S\000t\000r\000i\000n\000g}{subsection.3.23.2}
\BOOKMARK [1][-]{section.3.24}{\376\377\000M\000a\000c\000\040\000C\000l\000a\000s\000s\000\040\000R\000e\000f\000e\000r\000e\000n\000c\000e}{chapter.3}
\BOOKMARK [1][-]{section.3.25}{\376\377\000M\000a\000c\000T\000a\000b\000l\000e\000\040\000C\000l\000a\000s\000s\000\040\000R\000e\000f\000e\000r\000e\000n\000c\000e}{chapter.3}
\BOOKMARK [1][-]{section.3.26}{\376\377\000M\000a\000s\000k\000\040\000C\000l\000a\000s\000s\000\040\000R\000e\000f\000e\000r\000e\000n\000c\000e}{chapter.3}
\BOOKMARK [1][-]{section.3.27}{\376\377\000U\000i\000:\000:\000N\000e\000t\000w\000o\000r\000k\000G\000a\000m\000e\000A\000r\000e\000a\000\040\000C\000l\000a\000s\000s\000\040\000R\000e\000f\000e\000r\000e\000n\000c\000e}{chapter.3}
\BOOKMARK [1][-]{section.3.28}{\376\377\000N\000e\000t\000w\000o\000r\000k\000G\000a\000m\000e\000A\000r\000e\000a\000\040\000C\000l\000a\000s\000s\000\040\000R\000e\000f\000e\000r\000e\000n\000c\000e}{chapter.3}
\BOOKMARK [2][-]{subsection.3.28.1}{\376\377\000C\000o\000n\000s\000t\000r\000u\000c\000t\000o\000r\000\040\000\046\000\040\000D\000e\000s\000t\000r\000u\000c\000t\000o\000r\000\040\000D\000o\000c\000u\000m\000e\000n\000t\000a\000t\000i\000o\000n}{section.3.28}
\BOOKMARK [3][-]{subsubsection.3.28.1.1}{\376\377\000N\000e\000t\000w\000o\000r\000k\000G\000a\000m\000e\000A\000r\000e\000a}{subsection.3.28.1}
\BOOKMARK [2][-]{subsection.3.28.2}{\376\377\000M\000e\000m\000b\000e\000r\000\040\000F\000u\000n\000c\000t\000i\000o\000n\000\040\000D\000o\000c\000u\000m\000e\000n\000t\000a\000t\000i\000o\000n}{section.3.28}
\BOOKMARK [3][-]{subsubsection.3.28.2.1}{\376\377\000c\000l\000o\000s\000e\000E\000v\000e\000n\000t}{subsection.3.28.2}
\BOOKMARK [3][-]{subsubsection.3.28.2.2}{\376\377\000c\000o\000n\000t\000e\000x\000t\000M\000e\000n\000u\000E\000v\000e\000n\000t}{subsection.3.28.2}
\BOOKMARK [3][-]{subsubsection.3.28.2.3}{\376\377\000d\000e\000l\000e\000t\000e\000I\000t\000e\000m}{subsection.3.28.2}
\BOOKMARK [3][-]{subsubsection.3.28.2.4}{\376\377\000d\000e\000s\000c\000r\000i\000p\000t\000o\000r}{subsection.3.28.2}
\BOOKMARK [3][-]{subsubsection.3.28.2.5}{\376\377\000d\000r\000a\000g\000E\000n\000t\000e\000r\000E\000v\000e\000n\000t}{subsection.3.28.2}
\BOOKMARK [3][-]{subsubsection.3.28.2.6}{\376\377\000d\000r\000a\000g\000M\000o\000v\000e\000E\000v\000e\000n\000t}{subsection.3.28.2}
\BOOKMARK [3][-]{subsubsection.3.28.2.7}{\376\377\000d\000r\000o\000p\000E\000v\000e\000n\000t}{subsection.3.28.2}
\BOOKMARK [3][-]{subsubsection.3.28.2.8}{\376\377\000m\000o\000u\000s\000e\000P\000r\000e\000s\000s\000E\000v\000e\000n\000t}{subsection.3.28.2}
\BOOKMARK [3][-]{subsubsection.3.28.2.9}{\376\377\000r\000e\000s\000e\000t\000I\000P\000I\000t\000e\000m}{subsection.3.28.2}
\BOOKMARK [1][-]{section.3.29}{\376\377\000N\000e\000t\000w\000o\000r\000k\000H\000e\000a\000d\000e\000r\000\040\000C\000l\000a\000s\000s\000\040\000R\000e\000f\000e\000r\000e\000n\000c\000e}{chapter.3}
\BOOKMARK [1][-]{section.3.30}{\376\377\000N\000e\000t\000w\000o\000r\000k\000I\000n\000t\000e\000r\000f\000a\000c\000e\000\040\000C\000l\000a\000s\000s\000\040\000R\000e\000f\000e\000r\000e\000n\000c\000e}{chapter.3}
\BOOKMARK [1][-]{section.3.31}{\376\377\000U\000i\000:\000:\000N\000u\000m\000b\000e\000r\000O\000f\000I\000n\000t\000e\000r\000f\000a\000c\000e\000S\000e\000t\000t\000e\000r\000\040\000C\000l\000a\000s\000s\000\040\000R\000e\000f\000e\000r\000e\000n\000c\000e}{chapter.3}
\BOOKMARK [1][-]{section.3.32}{\376\377\000N\000u\000m\000b\000e\000r\000O\000f\000I\000n\000t\000e\000r\000f\000a\000c\000e\000S\000e\000t\000t\000e\000r\000\040\000C\000l\000a\000s\000s\000\040\000R\000e\000f\000e\000r\000e\000n\000c\000e}{chapter.3}
\BOOKMARK [2][-]{subsection.3.32.1}{\376\377\000C\000o\000n\000s\000t\000r\000u\000c\000t\000o\000r\000\040\000\046\000\040\000D\000e\000s\000t\000r\000u\000c\000t\000o\000r\000\040\000D\000o\000c\000u\000m\000e\000n\000t\000a\000t\000i\000o\000n}{section.3.32}
\BOOKMARK [3][-]{subsubsection.3.32.1.1}{\376\377\000N\000u\000m\000b\000e\000r\000O\000f\000I\000n\000t\000e\000r\000f\000a\000c\000e\000S\000e\000t\000t\000e\000r}{subsection.3.32.1}
\BOOKMARK [2][-]{subsection.3.32.2}{\376\377\000M\000e\000m\000b\000e\000r\000\040\000F\000u\000n\000c\000t\000i\000o\000n\000\040\000D\000o\000c\000u\000m\000e\000n\000t\000a\000t\000i\000o\000n}{section.3.32}
\BOOKMARK [3][-]{subsubsection.3.32.2.1}{\376\377\000s\000e\000t\000N\000b\000I\000n\000t\000e\000r\000f\000a\000c\000e\000s}{subsection.3.32.2}
\BOOKMARK [1][-]{section.3.33}{\376\377\000O\000b\000j\000e\000c\000t\000T\000o\000C\000o\000m\000m\000u\000n\000i\000c\000a\000t\000e\000\040\000C\000l\000a\000s\000s\000\040\000R\000e\000f\000e\000r\000e\000n\000c\000e}{chapter.3}
\BOOKMARK [2][-]{subsection.3.33.1}{\376\377\000C\000o\000n\000s\000t\000r\000u\000c\000t\000o\000r\000\040\000\046\000\040\000D\000e\000s\000t\000r\000u\000c\000t\000o\000r\000\040\000D\000o\000c\000u\000m\000e\000n\000t\000a\000t\000i\000o\000n}{section.3.33}
\BOOKMARK [3][-]{subsubsection.3.33.1.1}{\376\377\000O\000b\000j\000e\000c\000t\000T\000o\000C\000o\000m\000m\000u\000n\000i\000c\000a\000t\000e}{subsection.3.33.1}
\BOOKMARK [1][-]{section.3.34}{\376\377\000P\000r\000o\000p\000e\000r\000t\000i\000e\000s\000O\000f\000I\000n\000t\000e\000r\000f\000a\000c\000e\000S\000e\000t\000t\000e\000r\000\040\000C\000l\000a\000s\000s\000\040\000R\000e\000f\000e\000r\000e\000n\000c\000e}{chapter.3}
\BOOKMARK [2][-]{subsection.3.34.1}{\376\377\000C\000o\000n\000s\000t\000r\000u\000c\000t\000o\000r\000\040\000\046\000\040\000D\000e\000s\000t\000r\000u\000c\000t\000o\000r\000\040\000D\000o\000c\000u\000m\000e\000n\000t\000a\000t\000i\000o\000n}{section.3.34}
\BOOKMARK [3][-]{subsubsection.3.34.1.1}{\376\377\000P\000r\000o\000p\000e\000r\000t\000i\000e\000s\000O\000f\000I\000n\000t\000e\000r\000f\000a\000c\000e\000S\000e\000t\000t\000e\000r}{subsection.3.34.1}
\BOOKMARK [1][-]{section.3.35}{\376\377\000U\000i\000:\000:\000P\000r\000o\000p\000e\000r\000t\000i\000e\000s\000O\000f\000I\000t\000e\000r\000f\000a\000c\000e\000S\000e\000t\000t\000e\000r\000\040\000C\000l\000a\000s\000s\000\040\000R\000e\000f\000e\000r\000e\000n\000c\000e}{chapter.3}
\BOOKMARK [1][-]{section.3.36}{\376\377\000R\000e\000l\000e\000v\000a\000n\000t\000A\000c\000t\000i\000o\000n\000s\000\040\000C\000l\000a\000s\000s\000\040\000R\000e\000f\000e\000r\000e\000n\000c\000e}{chapter.3}
\BOOKMARK [2][-]{subsection.3.36.1}{\376\377\000C\000o\000n\000s\000t\000r\000u\000c\000t\000o\000r\000\040\000\046\000\040\000D\000e\000s\000t\000r\000u\000c\000t\000o\000r\000\040\000D\000o\000c\000u\000m\000e\000n\000t\000a\000t\000i\000o\000n}{section.3.36}
\BOOKMARK [3][-]{subsubsection.3.36.1.1}{\376\377\000R\000e\000l\000e\000v\000a\000n\000t\000A\000c\000t\000i\000o\000n\000s}{subsection.3.36.1}
\BOOKMARK [1][-]{section.3.37}{\376\377\000U\000i\000:\000:\000R\000e\000l\000e\000v\000a\000n\000t\000A\000c\000t\000i\000o\000n\000s\000\040\000C\000l\000a\000s\000s\000\040\000R\000e\000f\000e\000r\000e\000n\000c\000e}{chapter.3}
\BOOKMARK [1][-]{section.3.38}{\376\377\000R\000o\000u\000t\000i\000n\000g\000T\000a\000b\000l\000e\000\040\000C\000l\000a\000s\000s\000\040\000R\000e\000f\000e\000r\000e\000n\000c\000e}{chapter.3}
\BOOKMARK [1][-]{section.3.39}{\376\377\000U\000i\000:\000:\000S\000a\000u\000v\000e\000g\000a\000r\000d\000e\000r\000\040\000C\000l\000a\000s\000s\000\040\000R\000e\000f\000e\000r\000e\000n\000c\000e}{chapter.3}
\BOOKMARK [1][-]{section.3.40}{\376\377\000S\000e\000n\000d\000P\000i\000n\000g\000\040\000C\000l\000a\000s\000s\000\040\000R\000e\000f\000e\000r\000e\000n\000c\000e}{chapter.3}
\BOOKMARK [2][-]{subsection.3.40.1}{\376\377\000C\000o\000n\000s\000t\000r\000u\000c\000t\000o\000r\000\040\000\046\000\040\000D\000e\000s\000t\000r\000u\000c\000t\000o\000r\000\040\000D\000o\000c\000u\000m\000e\000n\000t\000a\000t\000i\000o\000n}{section.3.40}
\BOOKMARK [3][-]{subsubsection.3.40.1.1}{\376\377\000S\000e\000n\000d\000P\000i\000n\000g}{subsection.3.40.1}
\BOOKMARK [1][-]{section.3.41}{\376\377\000U\000i\000:\000:\000S\000e\000n\000d\000P\000i\000n\000g\000\040\000C\000l\000a\000s\000s\000\040\000R\000e\000f\000e\000r\000e\000n\000c\000e}{chapter.3}
\BOOKMARK [1][-]{section.3.42}{\376\377\000S\000w\000i\000t\000c\000h\000\040\000C\000l\000a\000s\000s\000\040\000R\000e\000f\000e\000r\000e\000n\000c\000e}{chapter.3}
\BOOKMARK [1][-]{section.3.43}{\376\377\000T\000C\000P\000H\000e\000a\000d\000e\000r\000\040\000C\000l\000a\000s\000s\000\040\000R\000e\000f\000e\000r\000e\000n\000c\000e}{chapter.3}
\BOOKMARK [1][-]{section.3.44}{\376\377\000U\000i\000:\000:\000T\000o\000o\000l\000B\000o\000x\000\040\000C\000l\000a\000s\000s\000\040\000R\000e\000f\000e\000r\000e\000n\000c\000e}{chapter.3}
\BOOKMARK [1][-]{section.3.45}{\376\377\000T\000o\000o\000l\000B\000o\000x\000\040\000C\000l\000a\000s\000s\000\040\000R\000e\000f\000e\000r\000e\000n\000c\000e}{chapter.3}
\BOOKMARK [2][-]{subsection.3.45.1}{\376\377\000C\000o\000n\000s\000t\000r\000u\000c\000t\000o\000r\000\040\000\046\000\040\000D\000e\000s\000t\000r\000u\000c\000t\000o\000r\000\040\000D\000o\000c\000u\000m\000e\000n\000t\000a\000t\000i\000o\000n}{section.3.45}
\BOOKMARK [3][-]{subsubsection.3.45.1.1}{\376\377\000T\000o\000o\000l\000B\000o\000x}{subsection.3.45.1}
\BOOKMARK [1][-]{section.3.46}{\376\377\000T\000r\000a\000n\000s\000p\000o\000r\000t\000H\000e\000a\000d\000e\000r\000\040\000C\000l\000a\000s\000s\000\040\000R\000e\000f\000e\000r\000e\000n\000c\000e}{chapter.3}
\BOOKMARK [1][-]{section.3.47}{\376\377\000U\000D\000P\000H\000e\000a\000d\000e\000r\000\040\000C\000l\000a\000s\000s\000\040\000R\000e\000f\000e\000r\000e\000n\000c\000e}{chapter.3}
\BOOKMARK [1][-]{section.3.48}{\376\377\000U\000i\000\137\000C\000h\000a\000n\000g\000e\000I\000p\000\040\000C\000l\000a\000s\000s\000\040\000R\000e\000f\000e\000r\000e\000n\000c\000e}{chapter.3}
\BOOKMARK [1][-]{section.3.49}{\376\377\000U\000i\000\137\000C\000o\000n\000f\000i\000r\000m\000a\000t\000i\000o\000n\000\040\000C\000l\000a\000s\000s\000\040\000R\000e\000f\000e\000r\000e\000n\000c\000e}{chapter.3}
\BOOKMARK [1][-]{section.3.50}{\376\377\000U\000i\000\137\000C\000o\000n\000n\000e\000c\000t\000e\000r\000C\000h\000o\000i\000c\000e\000\040\000C\000l\000a\000s\000s\000\040\000R\000e\000f\000e\000r\000e\000n\000c\000e}{chapter.3}
\BOOKMARK [1][-]{section.3.51}{\376\377\000U\000i\000\137\000G\000a\000m\000e\000\040\000C\000l\000a\000s\000s\000\040\000R\000e\000f\000e\000r\000e\000n\000c\000e}{chapter.3}
\BOOKMARK [1][-]{section.3.52}{\376\377\000U\000i\000\137\000L\000o\000a\000d\000M\000a\000n\000a\000g\000e\000r\000\040\000C\000l\000a\000s\000s\000\040\000R\000e\000f\000e\000r\000e\000n\000c\000e}{chapter.3}
\BOOKMARK [1][-]{section.3.53}{\376\377\000U\000i\000\137\000N\000e\000t\000w\000o\000r\000k\000G\000a\000m\000e\000A\000r\000e\000a\000\040\000C\000l\000a\000s\000s\000\040\000R\000e\000f\000e\000r\000e\000n\000c\000e}{chapter.3}
\BOOKMARK [1][-]{section.3.54}{\376\377\000U\000i\000\137\000N\000u\000m\000b\000e\000r\000O\000f\000I\000n\000t\000e\000r\000f\000a\000c\000e\000S\000e\000t\000t\000e\000r\000\040\000C\000l\000a\000s\000s\000\040\000R\000e\000f\000e\000r\000e\000n\000c\000e}{chapter.3}
\BOOKMARK [1][-]{section.3.55}{\376\377\000U\000i\000\137\000P\000r\000o\000p\000e\000r\000t\000i\000e\000s\000O\000f\000I\000t\000e\000r\000f\000a\000c\000e\000S\000e\000t\000t\000e\000r\000\040\000C\000l\000a\000s\000s\000\040\000R\000e\000f\000e\000r\000e\000n\000c\000e}{chapter.3}
\BOOKMARK [1][-]{section.3.56}{\376\377\000U\000i\000\137\000R\000e\000l\000e\000v\000a\000n\000t\000A\000c\000t\000i\000o\000n\000s\000\040\000C\000l\000a\000s\000s\000\040\000R\000e\000f\000e\000r\000e\000n\000c\000e}{chapter.3}
\BOOKMARK [1][-]{section.3.57}{\376\377\000U\000i\000\137\000S\000a\000u\000v\000e\000g\000a\000r\000d\000e\000r\000\040\000C\000l\000a\000s\000s\000\040\000R\000e\000f\000e\000r\000e\000n\000c\000e}{chapter.3}
\BOOKMARK [1][-]{section.3.58}{\376\377\000U\000i\000\137\000S\000e\000n\000d\000P\000i\000n\000g\000\040\000C\000l\000a\000s\000s\000\040\000R\000e\000f\000e\000r\000e\000n\000c\000e}{chapter.3}
\BOOKMARK [1][-]{section.3.59}{\376\377\000U\000i\000\137\000T\000o\000o\000l\000B\000o\000x\000\040\000C\000l\000a\000s\000s\000\040\000R\000e\000f\000e\000r\000e\000n\000c\000e}{chapter.3}
\BOOKMARK [1][-]{section.3.60}{\376\377\000U\000i\000\137\000W\000i\000r\000e\000S\000h\000a\000r\000k\000\040\000C\000l\000a\000s\000s\000\040\000R\000e\000f\000e\000r\000e\000n\000c\000e}{chapter.3}
\BOOKMARK [1][-]{section.3.61}{\376\377\000W\000i\000r\000e\000\040\000C\000l\000a\000s\000s\000\040\000R\000e\000f\000e\000r\000e\000n\000c\000e}{chapter.3}
\BOOKMARK [1][-]{section.3.62}{\376\377\000W\000i\000r\000e\000S\000h\000a\000r\000k\000\040\000C\000l\000a\000s\000s\000\040\000R\000e\000f\000e\000r\000e\000n\000c\000e}{chapter.3}
\BOOKMARK [2][-]{subsection.3.62.1}{\376\377\000C\000o\000n\000s\000t\000r\000u\000c\000t\000o\000r\000\040\000\046\000\040\000D\000e\000s\000t\000r\000u\000c\000t\000o\000r\000\040\000D\000o\000c\000u\000m\000e\000n\000t\000a\000t\000i\000o\000n}{section.3.62}
\BOOKMARK [3][-]{subsubsection.3.62.1.1}{\376\377\000W\000i\000r\000e\000S\000h\000a\000r\000k}{subsection.3.62.1}
\BOOKMARK [2][-]{subsection.3.62.2}{\376\377\000M\000e\000m\000b\000e\000r\000\040\000F\000u\000n\000c\000t\000i\000o\000n\000\040\000D\000o\000c\000u\000m\000e\000n\000t\000a\000t\000i\000o\000n}{section.3.62}
\BOOKMARK [3][-]{subsubsection.3.62.2.1}{\376\377\000a\000d\000d\000F\000r\000a\000m\000e\000s}{subsection.3.62.2}
\BOOKMARK [3][-]{subsubsection.3.62.2.2}{\376\377\000c\000r\000e\000a\000t\000e\000H\000e\000a\000d\000e\000r\000T\000a\000b\000l\000e}{subsection.3.62.2}
\BOOKMARK [3][-]{subsubsection.3.62.2.3}{\376\377\000c\000r\000e\000a\000t\000e\000L\000i\000n\000e}{subsection.3.62.2}
\BOOKMARK [3][-]{subsubsection.3.62.2.4}{\376\377\000c\000r\000e\000a\000t\000e\000T\000a\000b\000l\000e}{subsection.3.62.2}
\BOOKMARK [3][-]{subsubsection.3.62.2.5}{\376\377\000c\000r\000e\000a\000t\000e\000T\000a\000b\000l\000e\000C\000o\000m\000p\000l\000e\000t\000e}{subsection.3.62.2}
\BOOKMARK [3][-]{subsubsection.3.62.2.6}{\376\377\000f\000i\000l\000t\000e\000r\000L\000i\000n\000e}{subsection.3.62.2}
\BOOKMARK [3][-]{subsubsection.3.62.2.7}{\376\377\000f\000i\000l\000t\000r\000e\000L\000i\000n\000e\000I\000p}{subsection.3.62.2}
\BOOKMARK [3][-]{subsubsection.3.62.2.8}{\376\377\000f\000i\000l\000t\000r\000e\000L\000i\000n\000e\000M\000a\000c}{subsection.3.62.2}
\BOOKMARK [3][-]{subsubsection.3.62.2.9}{\376\377\000f\000i\000l\000t\000r\000e\000L\000i\000n\000e\000P\000o\000r\000t}{subsection.3.62.2}
\BOOKMARK [3][-]{subsubsection.3.62.2.10}{\376\377\000f\000i\000l\000t\000r\000e\000L\000i\000n\000e\000P\000r\000o\000t\000o\000c\000l}{subsection.3.62.2}
\BOOKMARK [1][-]{section.3.63}{\376\377\000U\000i\000:\000:\000W\000i\000r\000e\000S\000h\000a\000r\000k\000\040\000C\000l\000a\000s\000s\000\040\000R\000e\000f\000e\000r\000e\000n\000c\000e}{chapter.3}
\BOOKMARK [-1][-]{section*.98}{\376\377\000I\000n\000d\000e\000x}{}
